0 info it worked if it ends with ok
1 verbose cli [ 'node',
1 verbose cli   '/Users/benjamingrove/.node/bin/npm',
1 verbose cli   'run',
1 verbose cli   'devserve' ]
2 info using npm@2.6.0
3 info using node@v0.12.0
4 verbose node symlink /usr/local/bin/node
5 verbose run-script [ 'predevserve', 'devserve', 'postdevserve' ]
6 info predevserve rails-api-react-demo-starter@0.0.1
7 info devserve rails-api-react-demo-starter@0.0.1
8 verbose unsafe-perm in lifecycle true
9 info rails-api-react-demo-starter@0.0.1 Failed to exec devserve script
10 verbose stack Error: rails-api-react-demo-starter@0.0.1 devserve: `webpack-dev-server -d --config webpack.config.js --content-base public/ --progress --colors`
10 verbose stack Exit status 127
10 verbose stack     at EventEmitter.<anonymous> (/Users/benjamingrove/.node/lib/node_modules/npm/lib/utils/lifecycle.js:213:16)
10 verbose stack     at EventEmitter.emit (events.js:110:17)
10 verbose stack     at ChildProcess.<anonymous> (/Users/benjamingrove/.node/lib/node_modules/npm/lib/utils/spawn.js:14:12)
10 verbose stack     at ChildProcess.emit (events.js:110:17)
10 verbose stack     at maybeClose (child_process.js:1008:16)
10 verbose stack     at Process.ChildProcess._handle.onexit (child_process.js:1080:5)
11 verbose pkgid rails-api-react-demo-starter@0.0.1
12 verbose cwd /Users/benjamingrove/Desktop/RoR/Rails_Projects/rails-api-react-demo-starter
13 error Darwin 13.4.0
14 error argv "node" "/Users/benjamingrove/.node/bin/npm" "run" "devserve"
15 error node v0.12.0
16 error npm  v2.6.0
17 error code ELIFECYCLE
18 error rails-api-react-demo-starter@0.0.1 devserve: `webpack-dev-server -d --config webpack.config.js --content-base public/ --progress --colors`
18 error Exit status 127
19 error Failed at the rails-api-react-demo-starter@0.0.1 devserve script 'webpack-dev-server -d --config webpack.config.js --content-base public/ --progress --colors'.
19 error This is most likely a problem with the rails-api-react-demo-starter package,
19 error not with npm itself.
19 error Tell the author that this fails on your system:
19 error     webpack-dev-server -d --config webpack.config.js --content-base public/ --progress --colors
19 error You can get their info via:
19 error     npm owner ls rails-api-react-demo-starter
19 error There is likely additional logging output above.
20 verbose exit [ 1, true ]
